  AddToList.c
C:\Users\user\source\repos\booklist\booklist\AddToList.c(13,12): warning C4477: 'scanf_s' : 서식 문자열 '%[^\n]'에 'unsigned int' 형식의 인수가 필요하지만 variadic 인수 2의 형식이 'size_t'입니다.
C:\Users\user\source\repos\booklist\booklist\AddToList.c(13,12): message : 이 인수는 버퍼 크기로 사용됩니다.
C:\Users\user\source\repos\booklist\booklist\AddToList.c(16,34): warning C4474: 'scanf_s' : 서식 문자열에 전달된 인수가 너무 많습니다.
C:\Users\user\source\repos\booklist\booklist\AddToList.c(16,34): message : 자리 표시자 및 해당 매개 변수에는 variadic 인수가 1개 필요하지만 2개가 제공되었습니다.
C:\Users\user\source\repos\booklist\booklist\AddToList.c(19,12): warning C4477: 'scanf_s' : 서식 문자열 '%[^\n]'에 'unsigned int' 형식의 인수가 필요하지만 variadic 인수 2의 형식이 'size_t'입니다.
C:\Users\user\source\repos\booklist\booklist\AddToList.c(19,12): message : 이 인수는 버퍼 크기로 사용됩니다.
C:\Users\user\source\repos\booklist\booklist\AddToList.c(22,33): warning C4474: 'scanf_s' : 서식 문자열에 전달된 인수가 너무 많습니다.
C:\Users\user\source\repos\booklist\booklist\AddToList.c(22,33): message : 자리 표시자 및 해당 매개 변수에는 variadic 인수가 1개 필요하지만 2개가 제공되었습니다.
C:\Users\user\source\repos\booklist\booklist\AddToList.c(27,12): warning C4477: 'scanf_s' : 서식 문자열 '%02d'에 'int *' 형식의 인수가 필요하지만 variadic 인수 1의 형식이 'char *'입니다.
C:\Users\user\source\repos\booklist\booklist\AddToList.c(27,12): message : 서식 문자열에서 '%hhd'을(를) 사용하는 것이 좋습니다.
C:\Users\user\source\repos\booklist\booklist\AddToList.c(27,40): warning C4474: 'scanf_s' : 서식 문자열에 전달된 인수가 너무 많습니다.
C:\Users\user\source\repos\booklist\booklist\AddToList.c(27,40): message : 자리 표시자 및 해당 매개 변수에는 variadic 인수가 1개 필요하지만 2개가 제공되었습니다.
C:\Users\user\source\repos\booklist\booklist\AddToList.c(30,12): warning C4477: 'scanf_s' : 서식 문자열 '%02d'에 'int *' 형식의 인수가 필요하지만 variadic 인수 1의 형식이 'char *'입니다.
C:\Users\user\source\repos\booklist\booklist\AddToList.c(30,12): message : 서식 문자열에서 '%hhd'을(를) 사용하는 것이 좋습니다.
C:\Users\user\source\repos\booklist\booklist\AddToList.c(30,41): warning C4474: 'scanf_s' : 서식 문자열에 전달된 인수가 너무 많습니다.
C:\Users\user\source\repos\booklist\booklist\AddToList.c(30,41): message : 자리 표시자 및 해당 매개 변수에는 variadic 인수가 1개 필요하지만 2개가 제공되었습니다.
C:\Users\user\source\repos\booklist\booklist\AddToList.c(33,12): warning C4477: 'scanf_s' : 서식 문자열 '%02d'에 'int *' 형식의 인수가 필요하지만 variadic 인수 1의 형식이 'char *'입니다.
C:\Users\user\source\repos\booklist\booklist\AddToList.c(33,12): message : 서식 문자열에서 '%hhd'을(를) 사용하는 것이 좋습니다.
C:\Users\user\source\repos\booklist\booklist\AddToList.c(33,39): warning C4474: 'scanf_s' : 서식 문자열에 전달된 인수가 너무 많습니다.
C:\Users\user\source\repos\booklist\booklist\AddToList.c(33,39): message : 자리 표시자 및 해당 매개 변수에는 variadic 인수가 1개 필요하지만 2개가 제공되었습니다.
  bookmain.c
C:\Users\user\source\repos\booklist\booklist\bookmain.c(17,53): warning C4244: '초기화 중': 'double'에서 'char'(으)로 변환하면서 데이터가 손실될 수 있습니다.
C:\Users\user\source\repos\booklist\booklist\bookmain.c(28,53): warning C4244: '초기화 중': 'double'에서 'char'(으)로 변환하면서 데이터가 손실될 수 있습니다.
C:\Users\user\source\repos\booklist\booklist\bookmain.c(53,18): warning C4013: '_getch'이(가) 정의되지 않았습니다. extern은 int형을 반환하는 것으로 간주합니다.
  checklist.c
  DeleteToList.c
C:\Users\user\source\repos\booklist\booklist\DeleteToList.c(27,10): warning C4477: 'scanf_s' : 서식 문자열 '%[^\n]'에 'unsigned int' 형식의 인수가 필요하지만 variadic 인수 2의 형식이 'size_t'입니다.
C:\Users\user\source\repos\booklist\booklist\DeleteToList.c(27,10): message : 이 인수는 버퍼 크기로 사용됩니다.
C:\Users\user\source\repos\booklist\booklist\DeleteToList.c(14,7): warning C4101: 'answer' :참조되지 않은 지역 변수입니다.
  Menu.c
  organizeBookList.c
  search.c
C:\Users\user\source\repos\booklist\booklist\search.c(30,11): warning C4477: 'scanf_s' : 서식 문자열 '%[^\n]'에 'unsigned int' 형식의 인수가 필요하지만 variadic 인수 2의 형식이 'size_t'입니다.
C:\Users\user\source\repos\booklist\booklist\search.c(30,11): message : 이 인수는 버퍼 크기로 사용됩니다.
  showBookList.c
  코드를 생성하고 있습니다...
  booklist.vcxproj -> C:\Users\user\source\repos\booklist\x64\Debug\booklist.exe
